\BOOKMARK [0][-]{chapter.1}{Introduction}{}% 1
\BOOKMARK [0][-]{chapter.2}{Theoretical framework}{}% 2
\BOOKMARK [1][-]{section.2.1}{Quantum logic with trapped ions}{chapter.2}% 3
\BOOKMARK [2][-]{subsection.2.1.1}{Quantum computer and quantum gates}{section.2.1}% 4
\BOOKMARK [2][-]{subsection.2.1.2}{Ion qubits and laser-ion interactions}{section.2.1}% 5
\BOOKMARK [3][-]{subsubsection.2.1.2.1}{Three-level model}{subsection.2.1.2}% 6
\BOOKMARK [3][-]{subsubsection.2.1.2.2}{Dissipative processes}{subsection.2.1.2}% 7
\BOOKMARK [1][-]{section.2.2}{Quantum networking with trapped ions}{chapter.2}% 8
\BOOKMARK [2][-]{subsection.2.2.1}{General introduction}{section.2.2}% 9
\BOOKMARK [2][-]{subsection.2.2.2}{Cavity QED}{section.2.2}% 10
\BOOKMARK [2][-]{subsection.2.2.3}{Photon generation}{section.2.2}% 11
\BOOKMARK [1][-]{section.2.3}{Basics of ion trapping}{chapter.2}% 12
\BOOKMARK [2][-]{subsection.2.3.1}{Linear Paul trap}{section.2.3}% 13
\BOOKMARK [2][-]{subsection.2.3.2}{Ion strings}{section.2.3}% 14
\BOOKMARK [2][-]{subsection.2.3.3}{Doppler cooling}{section.2.3}% 15
\BOOKMARK [1][-]{section.2.4}{Laser beam}{chapter.2}% 16
\BOOKMARK [2][-]{subsection.2.4.1}{Gaussian beams}{section.2.4}% 17
\BOOKMARK [2][-]{subsection.2.4.2}{Beam stearing via Acousto-optical Deflectors}{section.2.4}% 18
\BOOKMARK [1][-]{section.2.5}{Experiments model}{chapter.2}% 19
\BOOKMARK [2][-]{subsection.2.5.1}{Addressed qubit manipulation}{section.2.5}% 20
\BOOKMARK [2][-]{subsection.2.5.2}{Addressed photon generation}{section.2.5}% 21
\BOOKMARK [0][-]{chapter.3}{Existing experimental system and techniques}{}% 22
\BOOKMARK [1][-]{section.3.1}{Ion trap and key techniques}{chapter.3}% 23
\BOOKMARK [2][-]{subsection.3.1.1}{Calcium Ions}{section.3.1}% 24
\BOOKMARK [2][-]{subsection.3.1.2}{Trapping, cooling, and state readout}{section.3.1}% 25
\BOOKMARK [1][-]{section.3.2}{393 nm laser}{chapter.3}% 26
\BOOKMARK [1][-]{section.3.3}{Experiment control}{chapter.3}% 27
\BOOKMARK [0][-]{chapter.4}{Conclusions and outlook}{}% 28
\BOOKMARK [1][-]{section*.24}{References}{chapter.4}% 29
\BOOKMARK [0][-]{section*.26}{Appendix}{}% 30
\BOOKMARK [0][-]{Appendix.a.A}{AOD datasheet}{}% 31
\BOOKMARK [0][-]{Appendix.a.B}{Polarization characterization}{}% 32
